2024-06-05 05:33:22 INFO  LaunchBrowserTest:18 - performing initialisation
2024-06-05 05:33:24 TRACE LaunchBrowserTest:20 - This is TRACE
2024-06-05 05:33:24 DEBUG LaunchBrowserTest:21 - This is DEBUG
2024-06-05 05:33:24 INFO  LaunchBrowserTest:22 - This is INFO
2024-06-05 05:33:24 WARN  LaunchBrowserTest:23 - This is WARN
2024-06-05 05:33:24 ERROR LaunchBrowserTest:24 - This is ERROR
2024-06-05 05:33:24 FATAL LaunchBrowserTest:25 - This is FATAL
2024-06-05 05:33:24 INFO  LaunchBrowserTest:30 - Launching Browser
2024-06-05 05:33:24 DEBUG InternalLoggerFactory:89 - Using Log4J as the default logging framework
2024-06-05 05:33:24 DEBUG ResourceLeakDetector:129 - -Dio.netty.leakDetection.level: simple
2024-06-05 05:33:24 DEBUG ResourceLeakDetector:130 - -Dio.netty.leakDetection.targetRecords: 4
2024-06-05 05:33:24 DEBUG ResourceLeakDetectorFactory:196 - Loaded default ResourceLeakDetector: io.netty.util.ResourceLeakDetector@33990a0c
2024-06-05 05:33:24 DEBUG PlatformDependent0:496 - -Dio.netty.noUnsafe: false
2024-06-05 05:33:24 DEBUG PlatformDependent0:1000 - Java version: 8
2024-06-05 05:33:24 DEBUG PlatformDependent0:137 - sun.misc.Unsafe.theUnsafe: available
2024-06-05 05:33:24 DEBUG PlatformDependent0:161 - sun.misc.Unsafe.copyMemory: available
2024-06-05 05:33:24 DEBUG PlatformDependent0:193 - sun.misc.Unsafe.storeFence: available
2024-06-05 05:33:24 DEBUG PlatformDependent0:236 - java.nio.Buffer.address: available
2024-06-05 05:33:24 DEBUG PlatformDependent0:307 - direct buffer constructor: available
2024-06-05 05:33:24 DEBUG PlatformDependent0:385 - java.nio.Bits.unaligned: available, true
2024-06-05 05:33:24 DEBUG PlatformDependent0:459 - jdk.internal.misc.Unsafe.allocateUninitializedArray(int): unavailable prior to Java9
2024-06-05 05:33:24 DEBUG PlatformDependent0:482 - java.nio.DirectByteBuffer.<init>(long, int): available
2024-06-05 05:33:24 DEBUG PlatformDependent:1159 - sun.misc.Unsafe: available
2024-06-05 05:33:24 DEBUG PlatformDependent:1289 - -Dio.netty.tmpdir: C:\Users\DATASC~1\AppData\Local\Temp (java.io.tmpdir)
2024-06-05 05:33:24 DEBUG PlatformDependent:1368 - -Dio.netty.bitMode: 64 (sun.arch.data.model)
2024-06-05 05:33:24 DEBUG PlatformDependent:1119 - Platform: Windows
2024-06-05 05:33:24 DEBUG PlatformDependent:178 - -Dio.netty.maxDirectMemory: 1857028096 bytes
2024-06-05 05:33:24 DEBUG PlatformDependent:185 - -Dio.netty.uninitializedArrayAllocationThreshold: -1
2024-06-05 05:33:24 DEBUG CleanerJava6:92 - java.nio.ByteBuffer.cleaner(): available
2024-06-05 05:33:24 DEBUG PlatformDependent:205 - -Dio.netty.noPreferDirect: false
2024-06-05 05:33:24 DEBUG PlatformDependent:1010 - org.jctools-core.MpscChunkedArrayQueue: available
2024-06-05 05:33:24 DEBUG InternalThreadLocalMap:100 - -Dio.netty.threadLocalMap.stringBuilder.initialSize: 1024
2024-06-05 05:33:24 DEBUG InternalThreadLocalMap:101 - -Dio.netty.threadLocalMap.stringBuilder.maxSize: 4096
2024-06-05 05:33:24 DEBUG JdkSslContext:83 - Default protocols (JDK): [TLSv1.2, TLSv1.1, TLSv1] 
2024-06-05 05:33:24 DEBUG JdkSslContext:84 - Default cipher suites (JDK): [TLS_ECDHE_ECDSA_WITH_AES_256_GCM_SHA384, TLS_ECDHE_ECDSA_WITH_AES_128_GCM_SHA256, TLS_ECDHE_RSA_WITH_AES_128_GCM_SHA256, TLS_ECDHE_RSA_WITH_AES_256_GCM_SHA384, TLS_ECDHE_RSA_WITH_AES_128_CBC_SHA, TLS_ECDHE_RSA_WITH_AES_256_CBC_SHA, TLS_RSA_WITH_AES_128_GCM_SHA256, TLS_RSA_WITH_AES_128_CBC_SHA, TLS_RSA_WITH_AES_256_CBC_SHA]
2024-06-05 05:33:24 DEBUG GlobalEventExecutor:53 - -Dio.netty.globalEventExecutor.quietPeriodSeconds: 1
2024-06-05 05:33:24 DEBUG MultithreadEventLoopGroup:44 - -Dio.netty.eventLoopThreads: 16
2024-06-05 05:33:24 DEBUG NioEventLoop:110 - -Dio.netty.noKeySetOptimization: false
2024-06-05 05:33:24 DEBUG NioEventLoop:111 - -Dio.netty.selectorAutoRebuildThreshold: 512
2024-06-05 05:33:24 TRACE NioEventLoop:264 - instrumented a special java.util.Set into: sun.nio.ch.WindowsSelectorImpl@6a8658ff
2024-06-05 05:33:24 TRACE NioEventLoop:264 - instrumented a special java.util.Set into: sun.nio.ch.WindowsSelectorImpl@55de24cc
2024-06-05 05:33:24 TRACE NioEventLoop:264 - instrumented a special java.util.Set into: sun.nio.ch.WindowsSelectorImpl@dc7df28
2024-06-05 05:33:24 TRACE NioEventLoop:264 - instrumented a special java.util.Set into: sun.nio.ch.WindowsSelectorImpl@30f842ca
2024-06-05 05:33:24 TRACE NioEventLoop:264 - instrumented a special java.util.Set into: sun.nio.ch.WindowsSelectorImpl@69c81773
2024-06-05 05:33:24 TRACE NioEventLoop:264 - instrumented a special java.util.Set into: sun.nio.ch.WindowsSelectorImpl@4d14b6c2
2024-06-05 05:33:24 TRACE NioEventLoop:264 - instrumented a special java.util.Set into: sun.nio.ch.WindowsSelectorImpl@7e990ed7
2024-06-05 05:33:24 TRACE NioEventLoop:264 - instrumented a special java.util.Set into: sun.nio.ch.WindowsSelectorImpl@c05fddc
2024-06-05 05:33:24 TRACE NioEventLoop:264 - instrumented a special java.util.Set into: sun.nio.ch.WindowsSelectorImpl@25df00a0
2024-06-05 05:33:24 TRACE NioEventLoop:264 - instrumented a special java.util.Set into: sun.nio.ch.WindowsSelectorImpl@4d15107f
2024-06-05 05:33:24 TRACE NioEventLoop:264 - instrumented a special java.util.Set into: sun.nio.ch.WindowsSelectorImpl@7b4c50bc
2024-06-05 05:33:24 TRACE NioEventLoop:264 - instrumented a special java.util.Set into: sun.nio.ch.WindowsSelectorImpl@5884a914
2024-06-05 05:33:24 TRACE NioEventLoop:264 - instrumented a special java.util.Set into: sun.nio.ch.WindowsSelectorImpl@50378a4
2024-06-05 05:33:24 TRACE NioEventLoop:264 - instrumented a special java.util.Set into: sun.nio.ch.WindowsSelectorImpl@60f00693
2024-06-05 05:33:24 TRACE NioEventLoop:264 - instrumented a special java.util.Set into: sun.nio.ch.WindowsSelectorImpl@79207381
2024-06-05 05:33:24 TRACE NioEventLoop:264 - instrumented a special java.util.Set into: sun.nio.ch.WindowsSelectorImpl@491b9b8
2024-06-05 05:33:24 DEBUG PooledByteBufAllocator:157 - -Dio.netty.allocator.numHeapArenas: 16
2024-06-05 05:33:24 DEBUG PooledByteBufAllocator:158 - -Dio.netty.allocator.numDirectArenas: 16
2024-06-05 05:33:24 DEBUG PooledByteBufAllocator:160 - -Dio.netty.allocator.pageSize: 8192
2024-06-05 05:33:24 DEBUG PooledByteBufAllocator:165 - -Dio.netty.allocator.maxOrder: 9
2024-06-05 05:33:24 DEBUG PooledByteBufAllocator:169 - -Dio.netty.allocator.chunkSize: 4194304
2024-06-05 05:33:24 DEBUG PooledByteBufAllocator:170 - -Dio.netty.allocator.smallCacheSize: 256
2024-06-05 05:33:24 DEBUG PooledByteBufAllocator:171 - -Dio.netty.allocator.normalCacheSize: 64
2024-06-05 05:33:24 DEBUG PooledByteBufAllocator:172 - -Dio.netty.allocator.maxCachedBufferCapacity: 32768
2024-06-05 05:33:24 DEBUG PooledByteBufAllocator:173 - -Dio.netty.allocator.cacheTrimInterval: 8192
2024-06-05 05:33:24 DEBUG PooledByteBufAllocator:174 - -Dio.netty.allocator.cacheTrimIntervalMillis: 0
2024-06-05 05:33:24 DEBUG PooledByteBufAllocator:175 - -Dio.netty.allocator.useCacheForAllThreads: false
2024-06-05 05:33:24 DEBUG PooledByteBufAllocator:176 - -Dio.netty.allocator.maxCachedByteBuffersPerChunk: 1023
2024-06-05 05:33:25 DEBUG ByteBufUtil:88 - -Dio.netty.allocator.type: pooled
2024-06-05 05:33:25 DEBUG ByteBufUtil:97 - -Dio.netty.threadLocalDirectBufferSize: 0
2024-06-05 05:33:25 DEBUG ByteBufUtil:100 - -Dio.netty.maxThreadLocalCharBufferSize: 16384
2024-06-05 05:33:26 DEBUG DefaultChannelId:79 - -Dio.netty.processId: 14456 (auto-detected)
2024-06-05 05:33:26 DEBUG NetUtil:148 - -Djava.net.preferIPv4Stack: false
2024-06-05 05:33:26 DEBUG NetUtil:149 - -Djava.net.preferIPv6Addresses: false
2024-06-05 05:33:26 DEBUG NetUtilInitializations:145 - Loopback interface: lo (Software Loopback Interface 1, 127.0.0.1)
2024-06-05 05:33:26 DEBUG NetUtil:206 - Failed to get SOMAXCONN from sysctl and file \proc\sys\net\core\somaxconn. Default: 200
2024-06-05 05:33:26 DEBUG DefaultChannelId:101 - -Dio.netty.machineId: a8:6d:aa:ff:fe:3f:d4:28 (auto-detected)
2024-06-05 05:33:26 DEBUG AbstractByteBuf:63 - -Dio.netty.buffer.checkAccessible: true
2024-06-05 05:33:26 DEBUG AbstractByteBuf:64 - -Dio.netty.buffer.checkBounds: true
2024-06-05 05:33:26 DEBUG ResourceLeakDetectorFactory:196 - Loaded default ResourceLeakDetector: io.netty.util.ResourceLeakDetector@98f33d7
2024-06-05 05:33:27 DEBUG Recycler:96 - -Dio.netty.recycler.maxCapacityPerThread: 4096
2024-06-05 05:33:27 DEBUG Recycler:97 - -Dio.netty.recycler.ratio: 8
2024-06-05 05:33:27 DEBUG Recycler:98 - -Dio.netty.recycler.chunkSize: 32
2024-06-05 05:33:27 DEBUG Recycler:99 - -Dio.netty.recycler.blocking: false
2024-06-05 05:33:27 DEBUG Recycler:100 - -Dio.netty.recycler.batchFastThreadLocalOnly: true
2024-06-05 05:33:28 DEBUG Brotli:38 - brotli4j not in the classpath; Brotli support will be unavailable.
2024-06-05 05:33:28 DEBUG ThreadLocalRandom:214 - -Dio.netty.initialSeedUniquifier: 0x378da19570cb7505
2024-06-05 05:33:40 INFO  LaunchBrowserTest:38 - Performing clean up
2024-06-05 05:33:40 TRACE WebSocket08FrameEncoder:129 - Encoding WebSocket Frame opCode=8 length=26
2024-06-05 05:33:40 TRACE WebSocket08FrameDecoder:183 - Decoding WebSocket Frame opCode=8
2024-06-05 05:33:40 TRACE WebSocket08FrameDecoder:294 - Decoding WebSocket Frame length=2
2024-06-05 05:36:58 WARN  LaunchBrowserTest:23 - This is WARN
2024-06-05 05:36:58 ERROR LaunchBrowserTest:24 - This is ERROR
2024-06-05 05:36:58 FATAL LaunchBrowserTest:25 - This is FATAL
